# JRE version: Java(TM) SE Runtime Environment (17.0.9+11) (build 17.0.9+11-LTS-201)
# Java VM: Java HotSpot(TM) 64-Bit Server VM (17.0.9+11-LTS-201, mixed mode, sharing, tiered, compressed oops, compressed class ptrs, g1 gc, windows-amd64)
GC Precious Log:
 CPUs: 4 total, 4 available
 Memory: 16305M
 Large Page Support: Disabled
 NUMA Support: Disabled
 Compressed Oops: Enabled (Zero based)
 Heap Region Size: 2M
 Heap Min Capacity: 8M
 Heap Initial Capacity: 256M
 Heap Max Capacity: 4078M
 Pre-touch: Disabled
 Parallel Workers: 4
 Concurrent Workers: 1
 Concurrent Refinement Workers: 4
 Periodic GC: Disabled
Heap:
 garbage-first heap   total 120832K, used 64200K [0x0000000701200000, 0x0000000800000000)
  region size 2048K, 18 young (36864K), 4 survivors (8192K)
 Metaspace       used 76870K, committed 77504K, reserved 1179648K
  class space    used 10758K, committed 11072K, reserved 1048576K
GC Heap History (20 events):
Event: 6.203 GC heap before
{Heap before GC invocations=12 (full 0):
 garbage-first heap   total 69632K, used 26173K [0x0000000701200000, 0x0000000800000000)
  region size 2048K, 3 young (6144K), 2 survivors (4096K)
 Metaspace       used 42828K, committed 43328K, reserved 1114112K
  class space    used 5654K, committed 5888K, reserved 1048576K
}
Event: 6.207 GC heap after
{Heap after GC invocations=13 (full 0):
 garbage-first heap   total 69632K, used 23498K [0x0000000701200000, 0x0000000800000000)
  region size 2048K, 1 young (2048K), 1 survivors (2048K)
 Metaspace       used 42828K, committed 43328K, reserved 1114112K
  class space    used 5654K, committed 5888K, reserved 1048576K
}
Event: 6.955 GC heap before
{Heap before GC invocations=13 (full 0):
 garbage-first heap   total 69632K, used 48074K [0x0000000701200000, 0x0000000800000000)
  region size 2048K, 14 young (28672K), 1 survivors (2048K)
 Metaspace       used 49406K, committed 49856K, reserved 1114112K
  class space    used 6593K, committed 6784K, reserved 1048576K
}
Event: 6.958 GC heap after
{Heap after GC invocations=14 (full 0):
 garbage-first heap   total 100352K, used 24398K [0x0000000701200000, 0x0000000800000000)
  region size 2048K, 1 young (2048K), 1 survivors (2048K)
 Metaspace       used 49406K, committed 49856K, reserved 1114112K
  class space    used 6593K, committed 6784K, reserved 1048576K
}
Event: 10.368 GC heap before
{Heap before GC invocations=14 (full 0):
 garbage-first heap   total 100352K, used 73550K [0x0000000701200000, 0x0000000800000000)
  region size 2048K, 26 young (53248K), 1 survivors (2048K)
 Metaspace       used 57256K, committed 57792K, reserved 1114112K
  class space    used 7736K, committed 8000K, reserved 1048576K
}
Event: 10.373 GC heap after
{Heap after GC invocations=15 (full 0):
 garbage-first heap   total 100352K, used 26858K [0x0000000701200000, 0x0000000800000000)
  region size 2048K, 2 young (4096K), 2 survivors (4096K)
 Metaspace       used 57256K, committed 57792K, reserved 1114112K
  class space    used 7736K, committed 8000K, reserved 1048576K
}
Event: 10.685 GC heap before
{Heap before GC invocations=15 (full 0):
 garbage-first heap   total 100352K, used 45290K [0x0000000701200000, 0x0000000800000000)
  region size 2048K, 12 young (24576K), 2 survivors (4096K)
 Metaspace       used 59872K, committed 60416K, reserved 1114112K
  class space    used 8121K, committed 8384K, reserved 1048576K
}
Event: 10.689 GC heap after
{Heap after GC invocations=16 (full 0):
 garbage-first heap   total 100352K, used 27815K [0x0000000701200000, 0x0000000800000000)
  region size 2048K, 3 young (6144K), 3 survivors (6144K)
 Metaspace       used 59872K, committed 60416K, reserved 1114112K
  class space    used 8121K, committed 8384K, reserved 1048576K
}
Event: 11.237 GC heap before
{Heap before GC invocations=17 (full 0):
 garbage-first heap   total 100352K, used 74919K [0x0000000701200000, 0x0000000800000000)
  region size 2048K, 27 young (55296K), 3 survivors (6144K)
 Metaspace       used 63647K, committed 64256K, reserved 1114112K
  class space    used 8917K, committed 9216K, reserved 1048576K
}
Event: 11.244 GC heap after
{Heap after GC invocations=18 (full 0):
 garbage-first heap   total 100352K, used 32192K [0x0000000701200000, 0x0000000800000000)
  region size 2048K, 4 young (8192K), 4 survivors (8192K)
 Metaspace       used 63647K, committed 64256K, reserved 1114112K
  class space    used 8917K, committed 9216K, reserved 1048576K
}
Event: 11.456 GC heap before
{Heap before GC invocations=18 (full 0):
 garbage-first heap   total 100352K, used 77248K [0x0000000701200000, 0x0000000800000000)
  region size 2048K, 26 young (53248K), 4 survivors (8192K)
 Metaspace       used 64007K, committed 64640K, reserved 1114112K
  class space    used 8976K, committed 9280K, reserved 1048576K
}
Event: 11.463 GC heap after
{Heap after GC invocations=19 (full 0):
 garbage-first heap   total 100352K, used 33378K [0x0000000701200000, 0x0000000800000000)
  region size 2048K, 2 young (4096K), 2 survivors (4096K)
 Metaspace       used 64007K, committed 64640K, reserved 1114112K
  class space    used 8976K, committed 9280K, reserved 1048576K
}
Event: 11.712 GC heap before
{Heap before GC invocations=19 (full 0):
 garbage-first heap   total 100352K, used 78434K [0x0000000701200000, 0x0000000800000000)
  region size 2048K, 24 young (49152K), 2 survivors (4096K)
 Metaspace       used 64987K, committed 65600K, reserved 1114112K
  class space    used 9170K, committed 9472K, reserved 1048576K
}
Event: 11.715 GC heap after
{Heap after GC invocations=20 (full 0):
 garbage-first heap   total 100352K, used 32829K [0x0000000701200000, 0x0000000800000000)
  region size 2048K, 2 young (4096K), 2 survivors (4096K)
 Metaspace       used 64987K, committed 65600K, reserved 1114112K
  class space    used 9170K, committed 9472K, reserved 1048576K
}
Event: 11.941 GC heap before
{Heap before GC invocations=20 (full 0):
 garbage-first heap   total 100352K, used 77885K [0x0000000701200000, 0x0000000800000000)
  region size 2048K, 24 young (49152K), 2 survivors (4096K)
 Metaspace       used 65577K, committed 66176K, reserved 1114112K
  class space    used 9219K, committed 9536K, reserved 1048576K
}
Event: 11.944 GC heap after
{Heap after GC invocations=21 (full 0):
 garbage-first heap   total 100352K, used 33994K [0x0000000701200000, 0x0000000800000000)
  region size 2048K, 2 young (4096K), 2 survivors (4096K)
 Metaspace       used 65577K, committed 66176K, reserved 1114112K
  class space    used 9219K, committed 9536K, reserved 1048576K
}
Event: 12.470 GC heap before
{Heap before GC invocations=21 (full 0):
 garbage-first heap   total 100352K, used 81098K [0x0000000701200000, 0x0000000800000000)
  region size 2048K, 25 young (51200K), 2 survivors (4096K)
 Metaspace       used 67994K, committed 68608K, reserved 1114112K
  class space    used 9557K, committed 9856K, reserved 1048576K
}
Event: 12.476 GC heap after
{Heap after GC invocations=22 (full 0):
 garbage-first heap   total 120832K, used 36130K [0x0000000701200000, 0x0000000800000000)
  region size 2048K, 3 young (6144K), 3 survivors (6144K)
 Metaspace       used 67994K, committed 68608K, reserved 1114112K
  class space    used 9557K, committed 9856K, reserved 1048576K
}
Event: 13.411 GC heap before
{Heap before GC invocations=22 (full 0):
 garbage-first heap   total 120832K, used 97570K [0x0000000701200000, 0x0000000800000000)
  region size 2048K, 33 young (67584K), 3 survivors (6144K)
 Metaspace       used 72625K, committed 73216K, reserved 1114112K
  class space    used 10211K, committed 10496K, reserved 1048576K
}
Event: 13.421 GC heap after
{Heap after GC invocations=23 (full 0):
 garbage-first heap   total 120832K, used 39624K [0x0000000701200000, 0x0000000800000000)
  region size 2048K, 4 young (8192K), 4 survivors (8192K)
 Metaspace       used 72625K, committed 73216K, reserved 1114112K
  class space    used 10211K, committed 10496K, reserved 1048576K
}

